<?xml version="1.0" encoding="UTF-8"?>
<testsuite xmlns:xsi="http://www.w3.org/2001/XMLSchema-instance" xsi:noNamespaceSchemaLocation="https://maven.apache.org/surefire/maven-surefire-plugin/xsd/surefire-test-report-3.0.xsd" version="3.0" name="testRunner.runners" time="217.511" tests="16" errors="0" skipped="0" failures="2">
  <properties>
[...]
</properties>
  <testcase name="runScenario[&quot;guest user could register with valid data successfully&quot;, &quot;F01_Register | users could register with new accounts&quot;](1)" classname="testRunner.runners" time="18.322">
    <system-out><![CDATA[
@smoke
Scenario: guest user could register with valid data successfully &amp#27;[90m# src/main/resources/features/F01_Register.feature:4&amp#27;[0m
  &amp#27;[32mGiven &amp#27;[0m&amp#27;[32muser go to register page&amp#27;[0m                                 &amp#27;[90m# stepDefs.D01_registerStepDef.goRegisterPage()&amp#27;[0m
  &amp#27;[32mAnd &amp#27;[0m&amp#27;[32muser select gender type&amp#27;[0m                                    &amp#27;[90m# stepDefs.D01_registerStepDef.user_select_gender_type()&amp#27;[0m
  &amp#27;[32mAnd &amp#27;[0m&amp#27;[32muser enter first name &amp#27;[0m&amp#27;[32m&amp#27;[1m"automation"&amp#27;[0m&amp#27;[32m and last name &amp#27;[0m&amp#27;[32m&amp#27;[1m"tester"&amp#27;[0m  &amp#27;[90m# stepDefs.D01_registerStepDef.user_enter_first_name_and_last_name(java.lang.String,java.lang.String)&amp#27;[0m
  &amp#27;[32mAnd &amp#27;[0m&amp#27;[32muser enter date of birth&amp#27;[0m                                   &amp#27;[90m# stepDefs.D01_registerStepDef.user_enter_date_of_birth()&amp#27;[0m
  &amp#27;[32mAnd &amp#27;[0m&amp#27;[32muser enter email &amp#27;[0m&amp#27;[32m&amp#27;[1m"test@example.com"&amp#27;[0m&amp#27;[32m field&amp#27;[0m                  &amp#27;[90m# stepDefs.D01_registerStepDef.user_enter_email_field(java.lang.String)&amp#27;[0m
  &amp#27;[32mAnd &amp#27;[0m&amp#27;[32muser fills Password fields &amp#27;[0m&amp#27;[32m&amp#27;[1m"P@ssw0rd"&amp#27;[0m&amp#27;[32m &amp#27;[0m&amp#27;[32m&amp#27;[1m"P@ssw0rd"&amp#27;[0m           &amp#27;[90m# stepDefs.D01_registerStepDef.user_fills_password_fields(java.lang.String,java.lang.String)&amp#27;[0m
  &amp#27;[32mAnd &amp#27;[0m&amp#27;[32muser clicks on register button&amp#27;[0m                             &amp#27;[90m# stepDefs.D01_registerStepDef.user_clicks_on_register_button()&amp#27;[0m
  &amp#27;[32mThen &amp#27;[0m&amp#27;[32msuccess message is displayed&amp#27;[0m                              &amp#27;[90m# stepDefs.D01_registerStepDef.success_message_is_displayed()&amp#27;[0m
]]></system-out>
    <system-err><![CDATA[SLF4J: No SLF4J providers were found.
SLF4J: Defaulting to no-operation (NOP) logger implementation
SLF4J: See https://www.slf4j.org/codes.html#noProviders for further details.
Starting Microsoft Edge WebDriver 109.0.1518.70 (f787d2c3a4185501adc55d95d53ce7cf872db7c3) on port 19287
To submit feedback, report a bug, or suggest new features, please visit https://github.com/MicrosoftEdge/EdgeWebDriver

Only local connections are allowed.
Please see https://aka.ms/WebDriverSecurity for suggestions on keeping Microsoft Edge WebDriver safe.

Microsoft Edge WebDriver was started successfully.
Feb 03, 2023 10:27:19 PM org.openqa.selenium.devtools.CdpVersionFinder findNearestMatch
WARNING: Unable to find an exact match for CDP version 109, so returning the closest version found: 108
]]></system-err>
  </testcase>
  <testcase name="runScenario[&quot;user could login with valid email and password&quot;, &quot;F02_Login | users could use login functionality to use their accounts&quot;](2)" classname="testRunner.runners" time="9.61">
    <system-out><![CDATA[
@smoke
Scenario: user could login with valid email and password       &amp#27;[90m# src/main/resources/features/F02_login.feature:4&amp#27;[0m
  &amp#27;[32mGiven &amp#27;[0m&amp#27;[32muser go to login page&amp#27;[0m                                  &amp#27;[90m# stepDefs.D02_loginStepDef.user_go_to_login_page()&amp#27;[0m
  &amp#27;[32mWhen &amp#27;[0m&amp#27;[32mlogin with valid info &amp#27;[0m&amp#27;[32m&amp#27;[1m"test@example.com"&amp#27;[0m&amp#27;[32m and &amp#27;[0m&amp#27;[32m&amp#27;[1m"P@ssw0rd"&amp#27;[0m &amp#27;[90m# stepDefs.D02_loginStepDef.login_with_valid(java.lang.String,java.lang.String)&amp#27;[0m
  &amp#27;[32mAnd &amp#27;[0m&amp#27;[32muser press on login button&amp#27;[0m                               &amp#27;[90m# stepDefs.D02_loginStepDef.user_press_on_login_button()&amp#27;[0m
  &amp#27;[32mThen &amp#27;[0m&amp#27;[32muser login to the system successfully&amp#27;[0m                   &amp#27;[90m# stepDefs.D02_loginStepDef.user_login_to_the_system_successfully()&amp#27;[0m
]]></system-out>
    <system-err><![CDATA[Starting Microsoft Edge WebDriver 109.0.1518.70 (f787d2c3a4185501adc55d95d53ce7cf872db7c3) on port 31622
To submit feedback, report a bug, or suggest new features, please visit https://github.com/MicrosoftEdge/EdgeWebDriver

Only local connections are allowed.
Please see https://aka.ms/WebDriverSecurity for suggestions on keeping Microsoft Edge WebDriver safe.

Microsoft Edge WebDriver was started successfully.
Feb 03, 2023 10:27:31 PM org.openqa.selenium.devtools.CdpVersionFinder findNearestMatch
WARNING: Unable to find an exact match for CDP version 109, so returning the closest version found: 108
]]></system-err>
  </testcase>
  <testcase name="runScenario[&quot;user could login with invalid email and password&quot;, &quot;F02_Login | users could use login functionality to use their accounts&quot;](3)" classname="testRunner.runners" time="19.582">
    <system-out><![CDATA[
@smoke
Scenario: user could login with invalid email and password               &amp#27;[90m# src/main/resources/features/F02_login.feature:10&amp#27;[0m
  &amp#27;[32mGiven &amp#27;[0m&amp#27;[32muser go to login page&amp#27;[0m                                            &amp#27;[90m# stepDefs.D02_loginStepDef.user_go_to_login_page()&amp#27;[0m
  &amp#27;[32mWhen &amp#27;[0m&amp#27;[32muser login with invalid info &amp#27;[0m&amp#27;[32m&amp#27;[1m"test@example1.com12"&amp#27;[0m&amp#27;[32m and &amp#27;[0m&amp#27;[32m&amp#27;[1m"P@ssw0rd"&amp#27;[0m &amp#27;[90m# stepDefs.D02_loginStepDef.userLoginWithInvalidInfoAnd(java.lang.String,java.lang.String)&amp#27;[0m
  &amp#27;[32mAnd &amp#27;[0m&amp#27;[32muser press on login button&amp#27;[0m                                         &amp#27;[90m# stepDefs.D02_loginStepDef.user_press_on_login_button()&amp#27;[0m
  &amp#27;[32mThen &amp#27;[0m&amp#27;[32muser could not login to the system&amp#27;[0m                                &amp#27;[90m# stepDefs.D02_loginStepDef.userCouldNotLoginToTheSystem()&amp#27;[0m
]]></system-out>
    <system-err><![CDATA[Starting Microsoft Edge WebDriver 109.0.1518.70 (f787d2c3a4185501adc55d95d53ce7cf872db7c3) on port 38993
To submit feedback, report a bug, or suggest new features, please visit https://github.com/MicrosoftEdge/EdgeWebDriver

Only local connections are allowed.
Please see https://aka.ms/WebDriverSecurity for suggestions on keeping Microsoft Edge WebDriver safe.

Microsoft Edge WebDriver was started successfully.
Feb 03, 2023 10:27:40 PM org.openqa.selenium.devtools.CdpVersionFinder findNearestMatch
WARNING: Unable to find an exact match for CDP version 109, so returning the closest version found: 108
]]></system-err>
  </testcase>
  <testcase name="runScenario[&quot;Currency display correctly according to selection&quot;, &quot;F03_Currency | Currency display correctly according to selection&quot;](4)" classname="testRunner.runners" time="8.756">
    <system-out><![CDATA[
@smoke
Scenario: Currency display correctly according to selection &amp#27;[90m# src/main/resources/features/F03_currency.feature:4&amp#27;[0m
  &amp#27;[32mGiven &amp#27;[0m&amp#27;[32muser press on currency button and selects euro&amp#27;[0m      &amp#27;[90m# stepDefs.D03_currency.user_selects_euro()&amp#27;[0m
  &amp#27;[32mThen &amp#27;[0m&amp#27;[32mâ‚¬ should be displayed for product currency&amp#27;[0m           &amp#27;[90m# stepDefs.D03_currency.euroVerificationSymbol()&amp#27;[0m
]]></system-out>
    <system-err><![CDATA[Starting Microsoft Edge WebDriver 109.0.1518.70 (f787d2c3a4185501adc55d95d53ce7cf872db7c3) on port 40290
To submit feedback, report a bug, or suggest new features, please visit https://github.com/MicrosoftEdge/EdgeWebDriver

Only local connections are allowed.
Please see https://aka.ms/WebDriverSecurity for suggestions on keeping Microsoft Edge WebDriver safe.

Microsoft Edge WebDriver was started successfully.
Feb 03, 2023 10:28:00 PM org.openqa.selenium.devtools.CdpVersionFinder findNearestMatch
WARNING: Unable to find an exact match for CDP version 109, so returning the closest version found: 108
]]></system-err>
  </testcase>
  <testcase name="runScenario[&quot;user could search using product name&quot;, &quot;F04_hover | User could search using product name or serial&quot;](5)" classname="testRunner.runners" time="8.494">
    <failure message="expected [true] but found [false]" type="java.lang.AssertionError"><![CDATA[java.lang.AssertionError: expected [true] but found [false]
	at org.testng.Assert.fail(Assert.java:110)
	at org.testng.Assert.failNotEquals(Assert.java:1577)
	at org.testng.Assert.assertTrue(Assert.java:56)
	at org.testng.Assert.assertTrue(Assert.java:66)
	at stepDefs.D04_search.should_appear_in_the_search_results(D04_search.java:24)
	at ✽."book" should appear in the search results(file:///F:/TestingPractice/SeleniumPrac/src/main/resources/features/F04_search.feature:6)
]]></failure>
    <system-out><![CDATA[
@smoke
Scenario Outline: user could search using product name &amp#27;[90m# src/main/resources/features/F04_search.feature:10&amp#27;[0m
  &amp#27;[32mWhen &amp#27;[0m&amp#27;[32muser searches for &amp#27;[0m&amp#27;[32m&amp#27;[1m"book"&amp#27;[0m                        &amp#27;[90m# stepDefs.D04_search.user_searches_for(java.lang.String)&amp#27;[0m
  &amp#27;[31mThen &amp#27;[0m&amp#27;[31m&amp#27;[0m&amp#27;[31m&amp#27;[1m"book"&amp#27;[0m&amp#27;[31m should appear in the search results&amp#27;[0m      &amp#27;[90m# stepDefs.D04_search.should_appear_in_the_search_results(java.lang.String)&amp#27;[0m
      &amp#27;[31mjava.lang.AssertionError: expected [true] but found [false]
	at org.testng.Assert.fail(Assert.java:110)
	at org.testng.Assert.failNotEquals(Assert.java:1577)
	at org.testng.Assert.assertTrue(Assert.java:56)
	at org.testng.Assert.assertTrue(Assert.java:66)
	at stepDefs.D04_search.should_appear_in_the_search_results(D04_search.java:24)
	at âœ½."book" should appear in the search results(file:///F:/TestingPractice/SeleniumPrac/src/main/resources/features/F04_search.feature:6)
&amp#27;[0m
]]></system-out>
    <system-err><![CDATA[Starting Microsoft Edge WebDriver 109.0.1518.70 (f787d2c3a4185501adc55d95d53ce7cf872db7c3) on port 24584
To submit feedback, report a bug, or suggest new features, please visit https://github.com/MicrosoftEdge/EdgeWebDriver

Only local connections are allowed.
Please see https://aka.ms/WebDriverSecurity for suggestions on keeping Microsoft Edge WebDriver safe.

Microsoft Edge WebDriver was started successfully.
Feb 03, 2023 10:28:08 PM org.openqa.selenium.devtools.CdpVersionFinder findNearestMatch
WARNING: Unable to find an exact match for CDP version 109, so returning the closest version found: 108
]]></system-err>
  </testcase>
  <testcase name="runScenario[&quot;user could search using product name&quot;, &quot;F04_hover | User could search using product name or serial&quot;](6)" classname="testRunner.runners" time="9.716">
    <system-out><![CDATA[
@smoke
Scenario Outline: user could search using product name &amp#27;[90m# src/main/resources/features/F04_search.feature:11&amp#27;[0m
  &amp#27;[32mWhen &amp#27;[0m&amp#27;[32muser searches for &amp#27;[0m&amp#27;[32m&amp#27;[1m"laptop"&amp#27;[0m                      &amp#27;[90m# stepDefs.D04_search.user_searches_for(java.lang.String)&amp#27;[0m
  &amp#27;[32mThen &amp#27;[0m&amp#27;[32m&amp#27;[0m&amp#27;[32m&amp#27;[1m"laptop"&amp#27;[0m&amp#27;[32m should appear in the search results&amp#27;[0m    &amp#27;[90m# stepDefs.D04_search.should_appear_in_the_search_results(java.lang.String)&amp#27;[0m
]]></system-out>
    <system-err><![CDATA[Starting Microsoft Edge WebDriver 109.0.1518.70 (f787d2c3a4185501adc55d95d53ce7cf872db7c3) on port 12418
To submit feedback, report a bug, or suggest new features, please visit https://github.com/MicrosoftEdge/EdgeWebDriver

Only local connections are allowed.
Please see https://aka.ms/WebDriverSecurity for suggestions on keeping Microsoft Edge WebDriver safe.

Microsoft Edge WebDriver was started successfully.
Feb 03, 2023 10:28:17 PM org.openqa.selenium.devtools.CdpVersionFinder findNearestMatch
WARNING: Unable to find an exact match for CDP version 109, so returning the closest version found: 108
]]></system-err>
  </testcase>
  <testcase name="runScenario[&quot;user could search using product name&quot;, &quot;F04_hover | User could search using product name or serial&quot;](7)" classname="testRunner.runners" time="9.516">
    <system-out><![CDATA[
@smoke
Scenario Outline: user could search using product name &amp#27;[90m# src/main/resources/features/F04_search.feature:12&amp#27;[0m
  &amp#27;[32mWhen &amp#27;[0m&amp#27;[32muser searches for &amp#27;[0m&amp#27;[32m&amp#27;[1m"nike"&amp#27;[0m                        &amp#27;[90m# stepDefs.D04_search.user_searches_for(java.lang.String)&amp#27;[0m
  &amp#27;[32mThen &amp#27;[0m&amp#27;[32m&amp#27;[0m&amp#27;[32m&amp#27;[1m"nike"&amp#27;[0m&amp#27;[32m should appear in the search results&amp#27;[0m      &amp#27;[90m# stepDefs.D04_search.should_appear_in_the_search_results(java.lang.String)&amp#27;[0m
]]></system-out>
    <system-err><![CDATA[Starting Microsoft Edge WebDriver 109.0.1518.70 (f787d2c3a4185501adc55d95d53ce7cf872db7c3) on port 39842
To submit feedback, report a bug, or suggest new features, please visit https://github.com/MicrosoftEdge/EdgeWebDriver

Only local connections are allowed.
Please see https://aka.ms/WebDriverSecurity for suggestions on keeping Microsoft Edge WebDriver safe.

Microsoft Edge WebDriver was started successfully.
Feb 03, 2023 10:28:27 PM org.openqa.selenium.devtools.CdpVersionFinder findNearestMatch
WARNING: Unable to find an exact match for CDP version 109, so returning the closest version found: 108
]]></system-err>
  </testcase>
  <testcase name="runScenario[&quot;user could search for product using sku&quot;, &quot;F04_hover | User could search using product name or serial&quot;](8)" classname="testRunner.runners" time="12.603">
    <system-out><![CDATA[
@smoke
Scenario Outline: user could search for product using sku               &amp#27;[90m# src/main/resources/features/F04_search.feature:20&amp#27;[0m
  &amp#27;[32mGiven &amp#27;[0m&amp#27;[32muser searches for &amp#27;[0m&amp#27;[32m&amp#27;[1m"SCI_FAITH"&amp#27;[0m                                   &amp#27;[90m# stepDefs.D04_search.user_searches_for(java.lang.String)&amp#27;[0m
  &amp#27;[32mThen &amp#27;[0m&amp#27;[32muser clicks on each product and checks if sku matches&amp#27;[0m&amp#27;[32m&amp#27;[1m"SCI_FAITH"&amp#27;[0m &amp#27;[90m# stepDefs.D04_search.userClicksOnEachProductAndChecksIfSkuMatchesSku(java.lang.String)&amp#27;[0m
]]></system-out>
    <system-err><![CDATA[Starting Microsoft Edge WebDriver 109.0.1518.70 (f787d2c3a4185501adc55d95d53ce7cf872db7c3) on port 35093
To submit feedback, report a bug, or suggest new features, please visit https://github.com/MicrosoftEdge/EdgeWebDriver

Only local connections are allowed.
Please see https://aka.ms/WebDriverSecurity for suggestions on keeping Microsoft Edge WebDriver safe.

Microsoft Edge WebDriver was started successfully.
Feb 03, 2023 10:28:36 PM org.openqa.selenium.devtools.CdpVersionFinder findNearestMatch
WARNING: Unable to find an exact match for CDP version 109, so returning the closest version found: 108
]]></system-err>
  </testcase>
  <testcase name="runScenario[&quot;user could search for product using sku&quot;, &quot;F04_hover | User could search using product name or serial&quot;](9)" classname="testRunner.runners" time="10.461">
    <system-out><![CDATA[
@smoke
Scenario Outline: user could search for product using sku               &amp#27;[90m# src/main/resources/features/F04_search.feature:21&amp#27;[0m
  &amp#27;[32mGiven &amp#27;[0m&amp#27;[32muser searches for &amp#27;[0m&amp#27;[32m&amp#27;[1m"APPLE_CAM"&amp#27;[0m                                   &amp#27;[90m# stepDefs.D04_search.user_searches_for(java.lang.String)&amp#27;[0m
  &amp#27;[32mThen &amp#27;[0m&amp#27;[32muser clicks on each product and checks if sku matches&amp#27;[0m&amp#27;[32m&amp#27;[1m"APPLE_CAM"&amp#27;[0m &amp#27;[90m# stepDefs.D04_search.userClicksOnEachProductAndChecksIfSkuMatchesSku(java.lang.String)&amp#27;[0m
]]></system-out>
    <system-err><![CDATA[Starting Microsoft Edge WebDriver 109.0.1518.70 (f787d2c3a4185501adc55d95d53ce7cf872db7c3) on port 22588
To submit feedback, report a bug, or suggest new features, please visit https://github.com/MicrosoftEdge/EdgeWebDriver

Only local connections are allowed.
Please see https://aka.ms/WebDriverSecurity for suggestions on keeping Microsoft Edge WebDriver safe.

Microsoft Edge WebDriver was started successfully.
Feb 03, 2023 10:28:49 PM org.openqa.selenium.devtools.CdpVersionFinder findNearestMatch
WARNING: Unable to find an exact match for CDP version 109, so returning the closest version found: 108
]]></system-err>
  </testcase>
  <testcase name="runScenario[&quot;user could search for product using sku&quot;, &quot;F04_hover | User could search using product name or serial&quot;](10)" classname="testRunner.runners" time="11.656">
    <system-out><![CDATA[
@smoke
Scenario Outline: user could search for product using sku               &amp#27;[90m# src/main/resources/features/F04_search.feature:22&amp#27;[0m
  &amp#27;[32mGiven &amp#27;[0m&amp#27;[32muser searches for &amp#27;[0m&amp#27;[32m&amp#27;[1m"SF_PRO_11"&amp#27;[0m                                   &amp#27;[90m# stepDefs.D04_search.user_searches_for(java.lang.String)&amp#27;[0m
  &amp#27;[32mThen &amp#27;[0m&amp#27;[32muser clicks on each product and checks if sku matches&amp#27;[0m&amp#27;[32m&amp#27;[1m"SF_PRO_11"&amp#27;[0m &amp#27;[90m# stepDefs.D04_search.userClicksOnEachProductAndChecksIfSkuMatchesSku(java.lang.String)&amp#27;[0m
]]></system-out>
    <system-err><![CDATA[Starting Microsoft Edge WebDriver 109.0.1518.70 (f787d2c3a4185501adc55d95d53ce7cf872db7c3) on port 30683
To submit feedback, report a bug, or suggest new features, please visit https://github.com/MicrosoftEdge/EdgeWebDriver

Only local connections are allowed.
Please see https://aka.ms/WebDriverSecurity for suggestions on keeping Microsoft Edge WebDriver safe.

Microsoft Edge WebDriver was started successfully.
Feb 03, 2023 10:28:59 PM org.openqa.selenium.devtools.CdpVersionFinder findNearestMatch
WARNING: Unable to find an exact match for CDP version 109, so returning the closest version found: 108
]]></system-err>
  </testcase>
  <testcase name="runScenario[&quot;title display correctly&quot;, &quot;F05_hover | Hovering over element and asserting its href value is equal to hover value&quot;](11)" classname="testRunner.runners" time="8.24">
    <system-out><![CDATA[
@smoke
Scenario: title display correctly                                             &amp#27;[90m# src/main/resources/features/F05_hover.feature:4&amp#27;[0m
  &amp#27;[32mGiven &amp#27;[0m&amp#27;[32muser selects random category and selects random subcategory if exists&amp#27;[0m &amp#27;[90m# stepDefs.D05_hover.user_selects_random_category()&amp#27;[0m
  &amp#27;[32mThen &amp#27;[0m&amp#27;[32msub category title is equal to title&amp#27;[0m                                   &amp#27;[90m# stepDefs.D05_hover.sub_category_title_is_equal_to_title()&amp#27;[0m
]]></system-out>
    <system-err><![CDATA[Starting Microsoft Edge WebDriver 109.0.1518.70 (f787d2c3a4185501adc55d95d53ce7cf872db7c3) on port 41428
To submit feedback, report a bug, or suggest new features, please visit https://github.com/MicrosoftEdge/EdgeWebDriver

Only local connections are allowed.
Please see https://aka.ms/WebDriverSecurity for suggestions on keeping Microsoft Edge WebDriver safe.

Microsoft Edge WebDriver was started successfully.
Feb 03, 2023 10:29:11 PM org.openqa.selenium.devtools.CdpVersionFinder findNearestMatch
WARNING: Unable to find an exact match for CDP version 109, so returning the closest version found: 108
]]></system-err>
  </testcase>
  <testcase name="runScenario[&quot;F06_externalLinks | user is redirected to facebook/twitter/rss/youtube links&quot;, &quot;F06_wishList | Clicking external link opens in a new tab and matches href&quot;](12)" classname="testRunner.runners" time="10.858">
    <system-out><![CDATA[
@smoke
Scenario Outline: F06_externalLinks | user is redirected to facebook/twitter/rss/youtube links &amp#27;[90m# src/main/resources/features/F06_externalLinks.feature:10&amp#27;[0m
  &amp#27;[32mGiven &amp#27;[0m&amp#27;[32muser clicks on &amp#27;[0m&amp#27;[32m&amp#27;[1m"Facebook"&amp#27;[0m                                                              &amp#27;[90m# stepDefs.D06_externalLinks.user_clicks_on(java.lang.String)&amp#27;[0m
  &amp#27;[32mAnd &amp#27;[0m&amp#27;[32mlink opens in a new tab&amp#27;[0m                                                                  &amp#27;[90m# stepDefs.D06_externalLinks.link_opens_in_new_tab()&amp#27;[0m
  &amp#27;[32mThen &amp#27;[0m&amp#27;[32mlink matches&amp#27;[0m                                                                            &amp#27;[90m# stepDefs.D06_externalLinks.link_matches()&amp#27;[0m
]]></system-out>
    <system-err><![CDATA[Starting Microsoft Edge WebDriver 109.0.1518.70 (f787d2c3a4185501adc55d95d53ce7cf872db7c3) on port 41651
To submit feedback, report a bug, or suggest new features, please visit https://github.com/MicrosoftEdge/EdgeWebDriver

Only local connections are allowed.
Please see https://aka.ms/WebDriverSecurity for suggestions on keeping Microsoft Edge WebDriver safe.

Microsoft Edge WebDriver was started successfully.
Feb 03, 2023 10:29:19 PM org.openqa.selenium.devtools.CdpVersionFinder findNearestMatch
WARNING: Unable to find an exact match for CDP version 109, so returning the closest version found: 108
]]></system-err>
  </testcase>
  <testcase name="runScenario[&quot;F06_externalLinks | user is redirected to facebook/twitter/rss/youtube links&quot;, &quot;F06_wishList | Clicking external link opens in a new tab and matches href&quot;](13)" classname="testRunner.runners" time="20.686">
    <system-out><![CDATA[
@smoke
Scenario Outline: F06_externalLinks | user is redirected to facebook/twitter/rss/youtube links &amp#27;[90m# src/main/resources/features/F06_externalLinks.feature:11&amp#27;[0m
  &amp#27;[32mGiven &amp#27;[0m&amp#27;[32muser clicks on &amp#27;[0m&amp#27;[32m&amp#27;[1m"Twitter"&amp#27;[0m                                                               &amp#27;[90m# stepDefs.D06_externalLinks.user_clicks_on(java.lang.String)&amp#27;[0m
  &amp#27;[32mAnd &amp#27;[0m&amp#27;[32mlink opens in a new tab&amp#27;[0m                                                                  &amp#27;[90m# stepDefs.D06_externalLinks.link_opens_in_new_tab()&amp#27;[0m
  &amp#27;[32mThen &amp#27;[0m&amp#27;[32mlink matches&amp#27;[0m                                                                            &amp#27;[90m# stepDefs.D06_externalLinks.link_matches()&amp#27;[0m
]]></system-out>
    <system-err><![CDATA[Starting Microsoft Edge WebDriver 109.0.1518.70 (f787d2c3a4185501adc55d95d53ce7cf872db7c3) on port 46160
To submit feedback, report a bug, or suggest new features, please visit https://github.com/MicrosoftEdge/EdgeWebDriver

Only local connections are allowed.
Please see https://aka.ms/WebDriverSecurity for suggestions on keeping Microsoft Edge WebDriver safe.

Microsoft Edge WebDriver was started successfully.
Feb 03, 2023 10:29:31 PM org.openqa.selenium.devtools.CdpVersionFinder findNearestMatch
WARNING: Unable to find an exact match for CDP version 109, so returning the closest version found: 108
]]></system-err>
  </testcase>
  <testcase name="runScenario[&quot;F06_externalLinks | user is redirected to facebook/twitter/rss/youtube links&quot;, &quot;F06_wishList | Clicking external link opens in a new tab and matches href&quot;](14)" classname="testRunner.runners" time="11.157">
    <failure message="expected [true] but found [false]" type="java.lang.AssertionError"><![CDATA[java.lang.AssertionError: expected [true] but found [false]
	at org.testng.Assert.fail(Assert.java:110)
	at org.testng.Assert.failNotEquals(Assert.java:1577)
	at org.testng.Assert.assertTrue(Assert.java:56)
	at org.testng.Assert.assertTrue(Assert.java:66)
	at stepDefs.D06_externalLinks.link_opens_in_new_tab(D06_externalLinks.java:23)
	at ✽.link opens in a new tab(file:///F:/TestingPractice/SeleniumPrac/src/main/resources/features/F06_externalLinks.feature:6)
]]></failure>
    <system-out><![CDATA[
@smoke
Scenario Outline: F06_externalLinks | user is redirected to facebook/twitter/rss/youtube links &amp#27;[90m# src/main/resources/features/F06_externalLinks.feature:12&amp#27;[0m
  &amp#27;[32mGiven &amp#27;[0m&amp#27;[32muser clicks on &amp#27;[0m&amp#27;[32m&amp#27;[1m"RSS"&amp#27;[0m                                                                   &amp#27;[90m# stepDefs.D06_externalLinks.user_clicks_on(java.lang.String)&amp#27;[0m
  &amp#27;[31mAnd &amp#27;[0m&amp#27;[31mlink opens in a new tab&amp#27;[0m                                                                  &amp#27;[90m# stepDefs.D06_externalLinks.link_opens_in_new_tab()&amp#27;[0m
      &amp#27;[31mjava.lang.AssertionError: expected [true] but found [false]
	at org.testng.Assert.fail(Assert.java:110)
	at org.testng.Assert.failNotEquals(Assert.java:1577)
	at org.testng.Assert.assertTrue(Assert.java:56)
	at org.testng.Assert.assertTrue(Assert.java:66)
	at stepDefs.D06_externalLinks.link_opens_in_new_tab(D06_externalLinks.java:23)
	at âœ½.link opens in a new tab(file:///F:/TestingPractice/SeleniumPrac/src/main/resources/features/F06_externalLinks.feature:6)
&amp#27;[0m
  &amp#27;[36mThen &amp#27;[0m&amp#27;[36mlink matches&amp#27;[0m                                                                            &amp#27;[90m# stepDefs.D06_externalLinks.link_matches()&amp#27;[0m
]]></system-out>
    <system-err><![CDATA[Starting Microsoft Edge WebDriver 109.0.1518.70 (f787d2c3a4185501adc55d95d53ce7cf872db7c3) on port 38242
To submit feedback, report a bug, or suggest new features, please visit https://github.com/MicrosoftEdge/EdgeWebDriver

Only local connections are allowed.
Please see https://aka.ms/WebDriverSecurity for suggestions on keeping Microsoft Edge WebDriver safe.

Microsoft Edge WebDriver was started successfully.
Feb 03, 2023 10:29:51 PM org.openqa.selenium.devtools.CdpVersionFinder findNearestMatch
WARNING: Unable to find an exact match for CDP version 109, so returning the closest version found: 108
]]></system-err>
  </testcase>
  <testcase name="runScenario[&quot;F06_externalLinks | user is redirected to facebook/twitter/rss/youtube links&quot;, &quot;F06_wishList | Clicking external link opens in a new tab and matches href&quot;](15)" classname="testRunner.runners" time="18.313">
    <system-out><![CDATA[
@smoke
Scenario Outline: F06_externalLinks | user is redirected to facebook/twitter/rss/youtube links &amp#27;[90m# src/main/resources/features/F06_externalLinks.feature:13&amp#27;[0m
  &amp#27;[32mGiven &amp#27;[0m&amp#27;[32muser clicks on &amp#27;[0m&amp#27;[32m&amp#27;[1m"YouTube"&amp#27;[0m                                                               &amp#27;[90m# stepDefs.D06_externalLinks.user_clicks_on(java.lang.String)&amp#27;[0m
  &amp#27;[32mAnd &amp#27;[0m&amp#27;[32mlink opens in a new tab&amp#27;[0m                                                                  &amp#27;[90m# stepDefs.D06_externalLinks.link_opens_in_new_tab()&amp#27;[0m
  &amp#27;[32mThen &amp#27;[0m&amp#27;[32mlink matches&amp#27;[0m                                                                            &amp#27;[90m# stepDefs.D06_externalLinks.link_matches()&amp#27;[0m
]]></system-out>
    <system-err><![CDATA[Starting Microsoft Edge WebDriver 109.0.1518.70 (f787d2c3a4185501adc55d95d53ce7cf872db7c3) on port 37817
To submit feedback, report a bug, or suggest new features, please visit https://github.com/MicrosoftEdge/EdgeWebDriver

Only local connections are allowed.
Please see https://aka.ms/WebDriverSecurity for suggestions on keeping Microsoft Edge WebDriver safe.

Microsoft Edge WebDriver was started successfully.
Feb 03, 2023 10:30:02 PM org.openqa.selenium.devtools.CdpVersionFinder findNearestMatch
WARNING: Unable to find an exact match for CDP version 109, so returning the closest version found: 108
]]></system-err>
  </testcase>
  <testcase name="runScenario[&quot;Element is added to wishlist&quot;, &quot;F07_wishList | Adding element to wishlist is successful&quot;](16)" classname="testRunner.runners" time="26.668">
    <system-out><![CDATA[
@smoke
Scenario: Element is added to wishlist                                                                         &amp#27;[90m# src/main/resources/features/F07_wishList.feature:4&amp#27;[0m
  &amp#27;[32mGiven &amp#27;[0m&amp#27;[32muser click on a product in the webpage&amp#27;[0m                                                                 &amp#27;[90m# stepDefs.D07_wishList.user_click_on_a_product_in_the_webpage()&amp#27;[0m
  &amp#27;[32mAnd &amp#27;[0m&amp#27;[32muser clicks add to wishlist&amp#27;[0m                                                                              &amp#27;[90m# stepDefs.D07_wishList.user_clicks_add_to_wishlist()&amp#27;[0m
  &amp#27;[32mThen &amp#27;[0m&amp#27;[32mgreen msg appears saying it was added successfully and wishcart shows the item with qt higher than zero&amp#27;[0m &amp#27;[90m# stepDefs.D07_wishList.green_msg_appears_saying_it_was_added_successfully_and_wishcart_shows_the_item_with_qt_higher_than_zero()&amp#27;[0m
]]></system-out>
    <system-err><![CDATA[Starting Microsoft Edge WebDriver 109.0.1518.70 (f787d2c3a4185501adc55d95d53ce7cf872db7c3) on port 24121
To submit feedback, report a bug, or suggest new features, please visit https://github.com/MicrosoftEdge/EdgeWebDriver

Only local connections are allowed.
Please see https://aka.ms/WebDriverSecurity for suggestions on keeping Microsoft Edge WebDriver safe.

Microsoft Edge WebDriver was started successfully.
Feb 03, 2023 10:30:21 PM org.openqa.selenium.devtools.CdpVersionFinder findNearestMatch
WARNING: Unable to find an exact match for CDP version 109, so returning the closest version found: 108
]]></system-err>
  </testcase>
</testsuite>